<?xml version="1.0" encoding="UTF-8"?>
<!-- Generated by org.testng.reporters.JUnitReportReporter -->
<testsuite hostname="DESKTOP-FCGJ9OD" failures="0" tests="4" name="test.FacebookTest" time="25.138" errors="0" timestamp="2022-07-23T21:46:37 IST" skipped="1">
  <testcase classname="test.FacebookTest" name="enterCred" time="6.177"/>
  <system-out/>
  <testcase classname="test.FacebookTest" name="enterCred" time="8.121"/>
  <system-out/>
  <testcase classname="test.FacebookTest" name="enterCred" time="10.840"/>
  <system-out/>
  <testcase classname="test.FacebookTest" name="cleardata">
    <skipped/>
  </testcase> <!-- cleardata -->
  <system-out/>
</testsuite> <!-- test.FacebookTest -->
