<?xml version="1.0" encoding="UTF-8"?>
<!-- Generated by org.testng.reporters.JUnitReportReporter -->
<testsuite hostname="DESKTOP-FCGJ9OD" failures="0" tests="9" name="test.LoginTest" time="11.347" errors="0" timestamp="2022-07-23T21:46:37 IST" skipped="0">
  <testcase classname="test.LoginTest" name="verifyLoginPageTitle" time="0.250"/>
  <system-out/>
  <testcase classname="test.LoginTest" name="verifyLoginPageUrl" time="0.012"/>
  <system-out/>
  <testcase classname="test.LoginTest" name="corectUserData" time="7.363"/>
  <system-out/>
  <testcase classname="test.LoginTest" name="verifyHomePageTitle" time="0.012"/>
  <system-out/>
  <testcase classname="test.LoginTest" name="verifyHomePageUrl" time="0.011"/>
  <system-out/>
  <testcase classname="test.LoginTest" name="validUserNameAndInvalidPassword" time="1.542"/>
  <system-out/>
  <testcase classname="test.LoginTest" name="InvalidUserNameAndInvalidPassword" time="1.522"/>
  <system-out/>
  <testcase classname="test.LoginTest" name="nullUserNameAndValidPassword" time="0.388"/>
  <system-out/>
  <testcase classname="test.LoginTest" name="nullUserData" time="0.247"/>
  <system-out/>
</testsuite> <!-- test.LoginTest -->
